<?xml version="1.0" encoding="UTF-8"?>
<testng-results skipped="0" failed="0" total="1" passed="1">
  <reporter-output>
  </reporter-output>
  <suite name="Default suite" duration-ms="21211" started-at="2022-04-11T12:24:57Z" finished-at="2022-04-11T12:25:18Z">
    <groups>
    </groups>
    <test name="Default test" duration-ms="21211" started-at="2022-04-11T12:24:57Z" finished-at="2022-04-11T12:25:18Z">
      <class name="DXCLocators.xpathLocator">
        <test-method status="PASS" signature="Locaters()[pri:0, instance:DXCLocators.xpathLocator@66d2e7d9]" name="Locaters" duration-ms="21187" started-at="2022-04-11T17:54:57Z" finished-at="2022-04-11T17:55:18Z">
          <reporter-output>
          </reporter-output>
        </test-method> <!-- Locaters -->
      </class> <!-- DXCLocators.xpathLocator -->
    </test> <!-- Default test -->
  </suite> <!-- Default suite -->
</testng-results>
