<?xml version="1.0" encoding="UTF-8"?>
<testng-results skipped="0" failed="0" total="1" passed="1">
  <reporter-output>
  </reporter-output>
  <suite name="Default suite" duration-ms="10383" started-at="2022-03-29T12:58:06Z" finished-at="2022-03-29T12:58:17Z">
    <groups>
    </groups>
    <test name="Default test" duration-ms="10383" started-at="2022-03-29T12:58:06Z" finished-at="2022-03-29T12:58:17Z">
      <class name="com.NopEcom.TestCases.VarifyValidUser">
        <test-method status="PASS" signature="TestUser()[pri:0, instance:com.NopEcom.TestCases.VarifyValidUser@3c0ecd4b]" name="TestUser" duration-ms="10337" started-at="2022-03-29T18:28:06Z" finished-at="2022-03-29T18:28:17Z">
          <reporter-output>
          </reporter-output>
        </test-method> <!-- TestUser -->
      </class> <!-- com.NopEcom.TestCases.VarifyValidUser -->
    </test> <!-- Default test -->
  </suite> <!-- Default suite -->
</testng-results>
